<?xml version="1.0" encoding="UTF-8"?>
<!-- Generated by org.testng.reporters.JUnitReportReporter -->
<testsuite hostname="DESKTOP-M02POL9" failures="0" tests="2" name="MyTestCases" time="14.110" errors="0" timestamp="2023-04-15T14:15:41 EEST" skipped="0">
  <testcase classname="MyTestCases" name="SIGNUP" time="3.863"/>
  <system-out/>
  <testcase classname="MyTestCases" name="SignIn" time="10.247"/>
  <system-out/>
</testsuite> <!-- MyTestCases -->
