<?xml version="1.0" encoding="UTF-8"?>
<!-- Generated by org.testng.reporters.JUnitReportReporter -->
<testsuite hostname="DESKTOP-M02POL9" failures="0" tests="2" name="MyTestCases" time="8.642" errors="0" timestamp="2023-04-16T17:11:54 EEST" skipped="0">
  <testcase classname="MyTestCases" name="SignIn" time="4.254"/>
  <system-out/>
  <testcase classname="MyTestCases" name="OurFirstOrder" time="4.388"/>
  <system-out/>
</testsuite> <!-- MyTestCases -->
